-- Found ament_cmake: 1.3.11 (/opt/ros/humble/share/ament_cmake/cmake)
-- Found rclcpp: 16.0.12 (/opt/ros/humble/share/rclcpp/cmake)
-- Found rosidl_generator_c: 3.1.6 (/opt/ros/humble/share/rosidl_generator_c/cmake)
-- Found rosidl_adapter: 3.1.6 (/opt/ros/humble/share/rosidl_adapter/cmake)
-- Found rosidl_generator_cpp: 3.1.6 (/opt/ros/humble/share/rosidl_generator_cpp/cmake)
-- Using all available rosidl_typesupport_c: rosidl_typesupport_fastrtps_c;rosidl_typesupport_introspection_c
-- Using all available rosidl_typesupport_cpp: rosidl_typesupport_fastrtps_cpp;rosidl_typesupport_introspection_cpp
-- Found rmw_implementation_cmake: 6.1.2 (/opt/ros/humble/share/rmw_implementation_cmake/cmake)
-- Found rmw_fastrtps_cpp: 6.2.7 (/opt/ros/humble/share/rmw_fastrtps_cpp/cmake)
-- Found OpenSSL: /usr/lib/x86_64-linux-gnu/libcrypto.so (found version "3.0.2")  
-- Found FastRTPS: /opt/ros/humble/include  
-- Using RMW implementation 'rmw_fastrtps_cpp' as default
-- Looking for pthread.h
-- Looking for pthread.h - found
-- Performing Test CMAKE_HAVE_LIBC_PTHREAD
-- Performing Test CMAKE_HAVE_LIBC_PTHREAD - Success
-- Found Threads: TRUE  
-- Found std_srvs: 4.8.0 (/opt/ros/humble/share/std_srvs/cmake)
-- Found ament_lint_auto: 0.12.12 (/opt/ros/humble/share/ament_lint_auto/cmake)
-- Added test 'cppcheck' to perform static code analysis on C / C++ code
-- Configured cppcheck include dirs: 
-- Configured cppcheck exclude dirs and/or files: 
-- Added test 'flake8' to check Python code syntax and style conventions
-- Added test 'lint_cmake' to check CMake code style
-- Added test 'pep257' to check Python code against some of the docstring style conventions in PEP 257
-- Added test 'uncrustify' to check C / C++ code style
-- Configured uncrustify additional arguments: 
-- Added test 'xmllint' to check XML markup files
-- Configuring done
-- Generating done
-- Build files have been written to: /home/ros2_explore/build/ros2_base
[ 12%] [32mBuilding CXX object CMakeFiles/topic_pub.dir/src/topic_pub.cpp.o[0m
[ 25%] [32mBuilding CXX object CMakeFiles/topic_sub.dir/src/topic_sub.cpp.o[0m
[ 37%] [32mBuilding CXX object CMakeFiles/service.dir/src/service.cpp.o[0m
[ 50%] [32mBuilding CXX object CMakeFiles/client.dir/src/client.cpp.o[0m
[ 62%] [32m[1mLinking CXX executable service[0m
[ 75%] [32m[1mLinking CXX executable client[0m
[ 75%] Built target service
[ 75%] Built target client
[ 87%] [32m[1mLinking CXX executable topic_pub[0m
[ 87%] Built target topic_pub
[100%] [32m[1mLinking CXX executable topic_sub[0m
[100%] Built target topic_sub
-- Install configuration: ""
-- Installing: /home/ros2_explore/install/ros2_base/lib/ros2_base/topic_sub
-- Set runtime path of "/home/ros2_explore/install/ros2_base/lib/ros2_base/topic_sub" to ""
-- Installing: /home/ros2_explore/install/ros2_base/lib/ros2_base/topic_pub
-- Set runtime path of "/home/ros2_explore/install/ros2_base/lib/ros2_base/topic_pub" to ""
-- Installing: /home/ros2_explore/install/ros2_base/lib/ros2_base/service
-- Set runtime path of "/home/ros2_explore/install/ros2_base/lib/ros2_base/service" to ""
-- Installing: /home/ros2_explore/install/ros2_base/lib/ros2_base/client
-- Set runtime path of "/home/ros2_explore/install/ros2_base/lib/ros2_base/client" to ""
-- Installing: /home/ros2_explore/install/ros2_base/share/ros2_base/launch
-- Installing: /home/ros2_explore/install/ros2_base/share/ros2_base/launch/config_launch.py
-- Installing: /home/ros2_explore/install/ros2_base/share/ros2_base/launch/generate_launch.py
-- Installing: /home/ros2_explore/install/ros2_base/share/ament_index/resource_index/package_run_dependencies/ros2_base
-- Installing: /home/ros2_explore/install/ros2_base/share/ament_index/resource_index/parent_prefix_path/ros2_base
-- Installing: /home/ros2_explore/install/ros2_base/share/ros2_base/environment/ament_prefix_path.sh
-- Installing: /home/ros2_explore/install/ros2_base/share/ros2_base/environment/ament_prefix_path.dsv
-- Installing: /home/ros2_explore/install/ros2_base/share/ros2_base/environment/path.sh
-- Installing: /home/ros2_explore/install/ros2_base/share/ros2_base/environment/path.dsv
-- Installing: /home/ros2_explore/install/ros2_base/share/ros2_base/local_setup.bash
-- Installing: /home/ros2_explore/install/ros2_base/share/ros2_base/local_setup.sh
-- Installing: /home/ros2_explore/install/ros2_base/share/ros2_base/local_setup.zsh
-- Installing: /home/ros2_explore/install/ros2_base/share/ros2_base/local_setup.dsv
-- Installing: /home/ros2_explore/install/ros2_base/share/ros2_base/package.dsv
-- Installing: /home/ros2_explore/install/ros2_base/share/ament_index/resource_index/packages/ros2_base
-- Installing: /home/ros2_explore/install/ros2_base/share/ros2_base/cmake/ros2_baseConfig.cmake
-- Installing: /home/ros2_explore/install/ros2_base/share/ros2_base/cmake/ros2_baseConfig-version.cmake
-- Installing: /home/ros2_explore/install/ros2_base/share/ros2_base/package.xml
