[0.004s] Invoking command in '/home/ros2_explore/build/ros2_base': CMAKE_PREFIX_PATH=/opt/ros/humble /usr/bin/cmake /home/ros2_explore/src/ros2_base -DCMAKE_INSTALL_PREFIX=/home/ros2_explore/install/ros2_base
[0.010s] -- Found ament_cmake: 1.3.11 (/opt/ros/humble/share/ament_cmake/cmake)
[0.081s] -- Found rclcpp: 16.0.12 (/opt/ros/humble/share/rclcpp/cmake)
[0.096s] -- Found rosidl_generator_c: 3.1.6 (/opt/ros/humble/share/rosidl_generator_c/cmake)
[0.097s] -- Found rosidl_adapter: 3.1.6 (/opt/ros/humble/share/rosidl_adapter/cmake)
[0.100s] -- Found rosidl_generator_cpp: 3.1.6 (/opt/ros/humble/share/rosidl_generator_cpp/cmake)
[0.105s] -- Using all available rosidl_typesupport_c: rosidl_typesupport_fastrtps_c;rosidl_typesupport_introspection_c
[0.112s] -- Using all available rosidl_typesupport_cpp: rosidl_typesupport_fastrtps_cpp;rosidl_typesupport_introspection_cpp
[0.132s] -- Found rmw_implementation_cmake: 6.1.2 (/opt/ros/humble/share/rmw_implementation_cmake/cmake)
[0.133s] -- Found rmw_fastrtps_cpp: 6.2.7 (/opt/ros/humble/share/rmw_fastrtps_cpp/cmake)
[0.170s] -- Found OpenSSL: /usr/lib/x86_64-linux-gnu/libcrypto.so (found version "3.0.2")  
[0.184s] -- Found FastRTPS: /opt/ros/humble/include  
[0.207s] -- Using RMW implementation 'rmw_fastrtps_cpp' as default
[0.210s] -- Looking for pthread.h
[0.249s] -- Looking for pthread.h - found
[0.249s] -- Performing Test CMAKE_HAVE_LIBC_PTHREAD
[0.320s] -- Performing Test CMAKE_HAVE_LIBC_PTHREAD - Success
[0.320s] -- Found Threads: TRUE  
[0.347s] -- Found std_srvs: 4.8.0 (/opt/ros/humble/share/std_srvs/cmake)
[0.352s] -- Found ament_lint_auto: 0.12.12 (/opt/ros/humble/share/ament_lint_auto/cmake)
[0.391s] -- Added test 'cppcheck' to perform static code analysis on C / C++ code
[0.391s] -- Configured cppcheck include dirs: 
[0.391s] -- Configured cppcheck exclude dirs and/or files: 
[0.391s] -- Added test 'flake8' to check Python code syntax and style conventions
[0.392s] -- Added test 'lint_cmake' to check CMake code style
[0.392s] -- Added test 'pep257' to check Python code against some of the docstring style conventions in PEP 257
[0.392s] -- Added test 'uncrustify' to check C / C++ code style
[0.392s] -- Configured uncrustify additional arguments: 
[0.392s] -- Added test 'xmllint' to check XML markup files
[0.393s] -- Configuring done
[0.401s] -- Generating done
[0.405s] -- Build files have been written to: /home/ros2_explore/build/ros2_base
[0.408s] Invoked command in '/home/ros2_explore/build/ros2_base' returned '0': CMAKE_PREFIX_PATH=/opt/ros/humble /usr/bin/cmake /home/ros2_explore/src/ros2_base -DCMAKE_INSTALL_PREFIX=/home/ros2_explore/install/ros2_base
[0.409s] Invoking command in '/home/ros2_explore/build/ros2_base': CMAKE_PREFIX_PATH=/opt/ros/humble /usr/bin/cmake --build /home/ros2_explore/build/ros2_base -- -j24 -l24
[0.429s] [ 12%] [32mBuilding CXX object CMakeFiles/topic_pub.dir/src/topic_pub.cpp.o[0m
[0.429s] [ 25%] [32mBuilding CXX object CMakeFiles/topic_sub.dir/src/topic_sub.cpp.o[0m
[0.429s] [ 37%] [32mBuilding CXX object CMakeFiles/service.dir/src/service.cpp.o[0m
[0.430s] [ 50%] [32mBuilding CXX object CMakeFiles/client.dir/src/client.cpp.o[0m
[2.114s] [ 62%] [32m[1mLinking CXX executable service[0m
[2.133s] [ 75%] [32m[1mLinking CXX executable client[0m
[2.187s] [ 75%] Built target service
[2.208s] [ 75%] Built target client
[2.529s] [ 87%] [32m[1mLinking CXX executable topic_pub[0m
[2.620s] [ 87%] Built target topic_pub
[4.319s] [100%] [32m[1mLinking CXX executable topic_sub[0m
[4.497s] [100%] Built target topic_sub
[4.507s] Invoked command in '/home/ros2_explore/build/ros2_base' returned '0': CMAKE_PREFIX_PATH=/opt/ros/humble /usr/bin/cmake --build /home/ros2_explore/build/ros2_base -- -j24 -l24
[4.510s] Invoking command in '/home/ros2_explore/build/ros2_base': CMAKE_PREFIX_PATH=/opt/ros/humble /usr/bin/cmake --install /home/ros2_explore/build/ros2_base
[4.513s] -- Install configuration: ""
[4.513s] -- Installing: /home/ros2_explore/install/ros2_base/lib/ros2_base/topic_sub
[4.515s] -- Set runtime path of "/home/ros2_explore/install/ros2_base/lib/ros2_base/topic_sub" to ""
[4.515s] -- Installing: /home/ros2_explore/install/ros2_base/lib/ros2_base/topic_pub
[4.515s] -- Set runtime path of "/home/ros2_explore/install/ros2_base/lib/ros2_base/topic_pub" to ""
[4.515s] -- Installing: /home/ros2_explore/install/ros2_base/lib/ros2_base/service
[4.516s] -- Set runtime path of "/home/ros2_explore/install/ros2_base/lib/ros2_base/service" to ""
[4.516s] -- Installing: /home/ros2_explore/install/ros2_base/lib/ros2_base/client
[4.516s] -- Set runtime path of "/home/ros2_explore/install/ros2_base/lib/ros2_base/client" to ""
[4.516s] -- Installing: /home/ros2_explore/install/ros2_base/share/ros2_base/launch
[4.516s] -- Installing: /home/ros2_explore/install/ros2_base/share/ros2_base/launch/config_launch.py
[4.516s] -- Installing: /home/ros2_explore/install/ros2_base/share/ros2_base/launch/generate_launch.py
[4.516s] -- Installing: /home/ros2_explore/install/ros2_base/share/ament_index/resource_index/package_run_dependencies/ros2_base
[4.516s] -- Installing: /home/ros2_explore/install/ros2_base/share/ament_index/resource_index/parent_prefix_path/ros2_base
[4.516s] -- Installing: /home/ros2_explore/install/ros2_base/share/ros2_base/environment/ament_prefix_path.sh
[4.516s] -- Installing: /home/ros2_explore/install/ros2_base/share/ros2_base/environment/ament_prefix_path.dsv
[4.516s] -- Installing: /home/ros2_explore/install/ros2_base/share/ros2_base/environment/path.sh
[4.516s] -- Installing: /home/ros2_explore/install/ros2_base/share/ros2_base/environment/path.dsv
[4.516s] -- Installing: /home/ros2_explore/install/ros2_base/share/ros2_base/local_setup.bash
[4.516s] -- Installing: /home/ros2_explore/install/ros2_base/share/ros2_base/local_setup.sh
[4.516s] -- Installing: /home/ros2_explore/install/ros2_base/share/ros2_base/local_setup.zsh
[4.516s] -- Installing: /home/ros2_explore/install/ros2_base/share/ros2_base/local_setup.dsv
[4.516s] -- Installing: /home/ros2_explore/install/ros2_base/share/ros2_base/package.dsv
[4.517s] -- Installing: /home/ros2_explore/install/ros2_base/share/ament_index/resource_index/packages/ros2_base
[4.517s] -- Installing: /home/ros2_explore/install/ros2_base/share/ros2_base/cmake/ros2_baseConfig.cmake
[4.517s] -- Installing: /home/ros2_explore/install/ros2_base/share/ros2_base/cmake/ros2_baseConfig-version.cmake
[4.517s] -- Installing: /home/ros2_explore/install/ros2_base/share/ros2_base/package.xml
[4.518s] Invoked command in '/home/ros2_explore/build/ros2_base' returned '0': CMAKE_PREFIX_PATH=/opt/ros/humble /usr/bin/cmake --install /home/ros2_explore/build/ros2_base
