[  2%] Built target ros2_base__cpp
[  9%] Built target ros2_base__rosidl_generator_c
[  9%] Built target ament_cmake_python_copy_ros2_base
[ 16%] Built target ros2_base__rosidl_typesupport_cpp
[ 23%] Built target ros2_base__rosidl_typesupport_fastrtps_cpp
[ 30%] Built target ros2_base__rosidl_typesupport_introspection_cpp
[ 37%] Built target ros2_base__rosidl_typesupport_introspection_c
[ 44%] Built target ros2_base__rosidl_typesupport_c
[ 51%] Built target ros2_base__rosidl_typesupport_fastrtps_c
[ 55%] Built target topic_pub
[ 60%] Built target service
[ 62%] [32mBuilding CXX object CMakeFiles/action_client.dir/src/action_client.cpp.o[0m
[ 65%] [32mBuilding CXX object CMakeFiles/action_server.dir/src/action_server.cpp.o[0m
[ 65%] Built target ros2_base
[ 69%] Built target topic_sub
[ 74%] Built target client
[ 76%] Built target ros2_base__py
[35m[1mConsolidate compiler generated dependencies of target ros2_base__rosidl_generator_py[0m
[ 81%] Built target ros2_base__rosidl_generator_py
[ 83%] [32mBuilding C object CMakeFiles/ros2_base__rosidl_typesupport_fastrtps_c__pyext.dir/rosidl_generator_py/ros2_base/_ros2_base_s.ep.rosidl_typesupport_fastrtps_c.c.o[0m
[ 86%] [32mBuilding C object CMakeFiles/ros2_base__rosidl_typesupport_introspection_c__pyext.dir/rosidl_generator_py/ros2_base/_ros2_base_s.ep.rosidl_typesupport_introspection_c.c.o[0m
[ 88%] [32mBuilding C object CMakeFiles/ros2_base__rosidl_typesupport_c__pyext.dir/rosidl_generator_py/ros2_base/_ros2_base_s.ep.rosidl_typesupport_c.c.o[0m
[ 95%] [32m[1mLinking C shared library rosidl_generator_py/ros2_base/ros2_base_s__rosidl_typesupport_fastrtps_c.cpython-310-x86_64-linux-gnu.so[0m
[ 95%] [32m[1mLinking C shared library rosidl_generator_py/ros2_base/ros2_base_s__rosidl_typesupport_c.cpython-310-x86_64-linux-gnu.so[0m
[ 95%] [32m[1mLinking C shared library rosidl_generator_py/ros2_base/ros2_base_s__rosidl_typesupport_introspection_c.cpython-310-x86_64-linux-gnu.so[0m
running egg_info
writing ros2_base.egg-info/PKG-INFO
writing dependency_links to ros2_base.egg-info/dependency_links.txt
writing top-level names to ros2_base.egg-info/top_level.txt
reading manifest file 'ros2_base.egg-info/SOURCES.txt'
writing manifest file 'ros2_base.egg-info/SOURCES.txt'
[ 95%] Built target ros2_base__rosidl_typesupport_fastrtps_c__pyext
[ 95%] Built target ros2_base__rosidl_typesupport_c__pyext
[ 95%] Built target ros2_base__rosidl_typesupport_introspection_c__pyext
[ 95%] Built target ament_cmake_python_build_ros2_base_egg
[ 97%] [32m[1mLinking CXX executable action_server[0m
[100%] [32m[1mLinking CXX executable action_client[0m
[100%] Built target action_server
[100%] Built target action_client
-- Install configuration: ""
-- Installing: /home/ros2_explore/install/ros2_base/share/ament_index/resource_index/rosidl_interfaces/ros2_base
-- Installing: /home/ros2_explore/install/ros2_base/include/ros2_base/ros2_base
-- Installing: /home/ros2_explore/install/ros2_base/include/ros2_base/ros2_base/msg
-- Installing: /home/ros2_explore/install/ros2_base/include/ros2_base/ros2_base/msg/rosidl_generator_c__visibility_control.h
-- Installing: /home/ros2_explore/install/ros2_base/include/ros2_base/ros2_base/action
-- Installing: /home/ros2_explore/install/ros2_base/include/ros2_base/ros2_base/action/detail
-- Installing: /home/ros2_explore/install/ros2_base/include/ros2_base/ros2_base/action/detail/count_number__functions.c
-- Installing: /home/ros2_explore/install/ros2_base/include/ros2_base/ros2_base/action/detail/count_number__functions.h
-- Installing: /home/ros2_explore/install/ros2_base/include/ros2_base/ros2_base/action/detail/count_number__type_support.h
-- Installing: /home/ros2_explore/install/ros2_base/include/ros2_base/ros2_base/action/detail/count_number__struct.h
-- Installing: /home/ros2_explore/install/ros2_base/include/ros2_base/ros2_base/action/count_number.h
-- Installing: /home/ros2_explore/install/ros2_base/share/ros2_base/environment/library_path.sh
-- Installing: /home/ros2_explore/install/ros2_base/share/ros2_base/environment/library_path.dsv
-- Installing: /home/ros2_explore/install/ros2_base/lib/libros2_base__rosidl_generator_c.so
-- Set runtime path of "/home/ros2_explore/install/ros2_base/lib/libros2_base__rosidl_generator_c.so" to ""
-- Up-to-date: /home/ros2_explore/install/ros2_base/include/ros2_base/ros2_base
-- Up-to-date: /home/ros2_explore/install/ros2_base/include/ros2_base/ros2_base/msg
-- Installing: /home/ros2_explore/install/ros2_base/include/ros2_base/ros2_base/msg/rosidl_typesupport_fastrtps_c__visibility_control.h
-- Up-to-date: /home/ros2_explore/install/ros2_base/include/ros2_base/ros2_base/action
-- Up-to-date: /home/ros2_explore/install/ros2_base/include/ros2_base/ros2_base/action/detail
-- Installing: /home/ros2_explore/install/ros2_base/include/ros2_base/ros2_base/action/detail/count_number__rosidl_typesupport_fastrtps_c.h
-- Installing: /home/ros2_explore/install/ros2_base/lib/libros2_base__rosidl_typesupport_fastrtps_c.so
-- Set runtime path of "/home/ros2_explore/install/ros2_base/lib/libros2_base__rosidl_typesupport_fastrtps_c.so" to ""
-- Up-to-date: /home/ros2_explore/install/ros2_base/include/ros2_base/ros2_base
-- Up-to-date: /home/ros2_explore/install/ros2_base/include/ros2_base/ros2_base/msg
-- Installing: /home/ros2_explore/install/ros2_base/include/ros2_base/ros2_base/msg/rosidl_generator_cpp__visibility_control.hpp
-- Up-to-date: /home/ros2_explore/install/ros2_base/include/ros2_base/ros2_base/action
-- Installing: /home/ros2_explore/install/ros2_base/include/ros2_base/ros2_base/action/count_number.hpp
-- Up-to-date: /home/ros2_explore/install/ros2_base/include/ros2_base/ros2_base/action/detail
-- Installing: /home/ros2_explore/install/ros2_base/include/ros2_base/ros2_base/action/detail/count_number__traits.hpp
-- Installing: /home/ros2_explore/install/ros2_base/include/ros2_base/ros2_base/action/detail/count_number__builder.hpp
-- Installing: /home/ros2_explore/install/ros2_base/include/ros2_base/ros2_base/action/detail/count_number__struct.hpp
-- Installing: /home/ros2_explore/install/ros2_base/include/ros2_base/ros2_base/action/detail/count_number__type_support.hpp
-- Up-to-date: /home/ros2_explore/install/ros2_base/include/ros2_base/ros2_base
-- Up-to-date: /home/ros2_explore/install/ros2_base/include/ros2_base/ros2_base/msg
-- Installing: /home/ros2_explore/install/ros2_base/include/ros2_base/ros2_base/msg/rosidl_typesupport_fastrtps_cpp__visibility_control.h
-- Up-to-date: /home/ros2_explore/install/ros2_base/include/ros2_base/ros2_base/action
-- Up-to-date: /home/ros2_explore/install/ros2_base/include/ros2_base/ros2_base/action/detail
-- Installing: /home/ros2_explore/install/ros2_base/include/ros2_base/ros2_base/action/detail/dds_fastrtps
-- Installing: /home/ros2_explore/install/ros2_base/include/ros2_base/ros2_base/action/detail/count_number__rosidl_typesupport_fastrtps_cpp.hpp
-- Installing: /home/ros2_explore/install/ros2_base/lib/libros2_base__rosidl_typesupport_fastrtps_cpp.so
-- Set runtime path of "/home/ros2_explore/install/ros2_base/lib/libros2_base__rosidl_typesupport_fastrtps_cpp.so" to ""
-- Up-to-date: /home/ros2_explore/install/ros2_base/include/ros2_base/ros2_base
-- Up-to-date: /home/ros2_explore/install/ros2_base/include/ros2_base/ros2_base/msg
-- Installing: /home/ros2_explore/install/ros2_base/include/ros2_base/ros2_base/msg/rosidl_typesupport_introspection_c__visibility_control.h
-- Up-to-date: /home/ros2_explore/install/ros2_base/include/ros2_base/ros2_base/action
-- Up-to-date: /home/ros2_explore/install/ros2_base/include/ros2_base/ros2_base/action/detail
-- Installing: /home/ros2_explore/install/ros2_base/include/ros2_base/ros2_base/action/detail/count_number__type_support.c
-- Installing: /home/ros2_explore/install/ros2_base/include/ros2_base/ros2_base/action/detail/count_number__rosidl_typesupport_introspection_c.h
-- Installing: /home/ros2_explore/install/ros2_base/lib/libros2_base__rosidl_typesupport_introspection_c.so
-- Set runtime path of "/home/ros2_explore/install/ros2_base/lib/libros2_base__rosidl_typesupport_introspection_c.so" to ""
-- Installing: /home/ros2_explore/install/ros2_base/lib/libros2_base__rosidl_typesupport_c.so
-- Set runtime path of "/home/ros2_explore/install/ros2_base/lib/libros2_base__rosidl_typesupport_c.so" to ""
-- Up-to-date: /home/ros2_explore/install/ros2_base/include/ros2_base/ros2_base
-- Up-to-date: /home/ros2_explore/install/ros2_base/include/ros2_base/ros2_base/action
-- Up-to-date: /home/ros2_explore/install/ros2_base/include/ros2_base/ros2_base/action/detail
-- Installing: /home/ros2_explore/install/ros2_base/include/ros2_base/ros2_base/action/detail/count_number__rosidl_typesupport_introspection_cpp.hpp
-- Installing: /home/ros2_explore/install/ros2_base/include/ros2_base/ros2_base/action/detail/count_number__type_support.cpp
-- Installing: /home/ros2_explore/install/ros2_base/lib/libros2_base__rosidl_typesupport_introspection_cpp.so
-- Set runtime path of "/home/ros2_explore/install/ros2_base/lib/libros2_base__rosidl_typesupport_introspection_cpp.so" to ""
-- Installing: /home/ros2_explore/install/ros2_base/lib/libros2_base__rosidl_typesupport_cpp.so
-- Set runtime path of "/home/ros2_explore/install/ros2_base/lib/libros2_base__rosidl_typesupport_cpp.so" to ""
-- Installing: /home/ros2_explore/install/ros2_base/share/ros2_base/environment/pythonpath.sh
-- Installing: /home/ros2_explore/install/ros2_base/share/ros2_base/environment/pythonpath.dsv
-- Installing: /home/ros2_explore/install/ros2_base/local/lib/python3.10/dist-packages/ros2_base-0.0.0-py3.10.egg-info
-- Installing: /home/ros2_explore/install/ros2_base/local/lib/python3.10/dist-packages/ros2_base-0.0.0-py3.10.egg-info/SOURCES.txt
-- Installing: /home/ros2_explore/install/ros2_base/local/lib/python3.10/dist-packages/ros2_base-0.0.0-py3.10.egg-info/PKG-INFO
-- Installing: /home/ros2_explore/install/ros2_base/local/lib/python3.10/dist-packages/ros2_base-0.0.0-py3.10.egg-info/dependency_links.txt
-- Installing: /home/ros2_explore/install/ros2_base/local/lib/python3.10/dist-packages/ros2_base-0.0.0-py3.10.egg-info/top_level.txt
-- Installing: /home/ros2_explore/install/ros2_base/local/lib/python3.10/dist-packages/ros2_base
-- Installing: /home/ros2_explore/install/ros2_base/local/lib/python3.10/dist-packages/ros2_base/_ros2_base_s.ep.rosidl_typesupport_fastrtps_c.c
-- Installing: /home/ros2_explore/install/ros2_base/local/lib/python3.10/dist-packages/ros2_base/_ros2_base_s.ep.rosidl_typesupport_c.c
-- Installing: /home/ros2_explore/install/ros2_base/local/lib/python3.10/dist-packages/ros2_base/libros2_base__rosidl_generator_py.so
-- Installing: /home/ros2_explore/install/ros2_base/local/lib/python3.10/dist-packages/ros2_base/ros2_base_s__rosidl_typesupport_fastrtps_c.cpython-310-x86_64-linux-gnu.so
-- Installing: /home/ros2_explore/install/ros2_base/local/lib/python3.10/dist-packages/ros2_base/action
-- Installing: /home/ros2_explore/install/ros2_base/local/lib/python3.10/dist-packages/ros2_base/action/_count_number_s.c
-- Installing: /home/ros2_explore/install/ros2_base/local/lib/python3.10/dist-packages/ros2_base/action/_count_number.py
-- Installing: /home/ros2_explore/install/ros2_base/local/lib/python3.10/dist-packages/ros2_base/action/__init__.py
-- Installing: /home/ros2_explore/install/ros2_base/local/lib/python3.10/dist-packages/ros2_base/__init__.py
-- Installing: /home/ros2_explore/install/ros2_base/local/lib/python3.10/dist-packages/ros2_base/_ros2_base_s.ep.rosidl_typesupport_introspection_c.c
-- Installing: /home/ros2_explore/install/ros2_base/local/lib/python3.10/dist-packages/ros2_base/ros2_base_s__rosidl_typesupport_c.cpython-310-x86_64-linux-gnu.so
-- Installing: /home/ros2_explore/install/ros2_base/local/lib/python3.10/dist-packages/ros2_base/ros2_base_s__rosidl_typesupport_introspection_c.cpython-310-x86_64-linux-gnu.so
Listing '/home/ros2_explore/install/ros2_base/local/lib/python3.10/dist-packages/ros2_base'...
Compiling '/home/ros2_explore/install/ros2_base/local/lib/python3.10/dist-packages/ros2_base/__init__.py'...
Listing '/home/ros2_explore/install/ros2_base/local/lib/python3.10/dist-packages/ros2_base/action'...
Compiling '/home/ros2_explore/install/ros2_base/local/lib/python3.10/dist-packages/ros2_base/action/__init__.py'...
Compiling '/home/ros2_explore/install/ros2_base/local/lib/python3.10/dist-packages/ros2_base/action/_count_number.py'...
-- Installing: /home/ros2_explore/install/ros2_base/local/lib/python3.10/dist-packages/ros2_base/ros2_base_s__rosidl_typesupport_fastrtps_c.cpython-310-x86_64-linux-gnu.so
-- Set runtime path of "/home/ros2_explore/install/ros2_base/local/lib/python3.10/dist-packages/ros2_base/ros2_base_s__rosidl_typesupport_fastrtps_c.cpython-310-x86_64-linux-gnu.so" to ""
-- Installing: /home/ros2_explore/install/ros2_base/local/lib/python3.10/dist-packages/ros2_base/ros2_base_s__rosidl_typesupport_introspection_c.cpython-310-x86_64-linux-gnu.so
-- Set runtime path of "/home/ros2_explore/install/ros2_base/local/lib/python3.10/dist-packages/ros2_base/ros2_base_s__rosidl_typesupport_introspection_c.cpython-310-x86_64-linux-gnu.so" to ""
-- Installing: /home/ros2_explore/install/ros2_base/local/lib/python3.10/dist-packages/ros2_base/ros2_base_s__rosidl_typesupport_c.cpython-310-x86_64-linux-gnu.so
-- Set runtime path of "/home/ros2_explore/install/ros2_base/local/lib/python3.10/dist-packages/ros2_base/ros2_base_s__rosidl_typesupport_c.cpython-310-x86_64-linux-gnu.so" to ""
-- Installing: /home/ros2_explore/install/ros2_base/lib/libros2_base__rosidl_generator_py.so
-- Set runtime path of "/home/ros2_explore/install/ros2_base/lib/libros2_base__rosidl_generator_py.so" to ""
-- Installing: /home/ros2_explore/install/ros2_base/share/ros2_base/action/CountNumber.idl
-- Installing: /home/ros2_explore/install/ros2_base/share/ros2_base/action/CountNumber.action
-- Installing: /home/ros2_explore/install/ros2_base/lib/ros2_base/topic_sub
-- Set runtime path of "/home/ros2_explore/install/ros2_base/lib/ros2_base/topic_sub" to ""
-- Installing: /home/ros2_explore/install/ros2_base/lib/ros2_base/topic_pub
-- Set runtime path of "/home/ros2_explore/install/ros2_base/lib/ros2_base/topic_pub" to ""
-- Installing: /home/ros2_explore/install/ros2_base/lib/ros2_base/service
-- Set runtime path of "/home/ros2_explore/install/ros2_base/lib/ros2_base/service" to ""
-- Installing: /home/ros2_explore/install/ros2_base/lib/ros2_base/client
-- Set runtime path of "/home/ros2_explore/install/ros2_base/lib/ros2_base/client" to ""
-- Installing: /home/ros2_explore/install/ros2_base/lib/ros2_base/action_server
-- Set runtime path of "/home/ros2_explore/install/ros2_base/lib/ros2_base/action_server" to ""
-- Installing: /home/ros2_explore/install/ros2_base/lib/ros2_base/action_client
-- Set runtime path of "/home/ros2_explore/install/ros2_base/lib/ros2_base/action_client" to ""
-- Installing: /home/ros2_explore/install/ros2_base/share/ros2_base/launch
-- Installing: /home/ros2_explore/install/ros2_base/share/ros2_base/launch/config_launch.py
-- Installing: /home/ros2_explore/install/ros2_base/share/ros2_base/launch/generate_launch.py
-- Installing: /home/ros2_explore/install/ros2_base/share/ament_index/resource_index/package_run_dependencies/ros2_base
-- Installing: /home/ros2_explore/install/ros2_base/share/ament_index/resource_index/parent_prefix_path/ros2_base
-- Installing: /home/ros2_explore/install/ros2_base/share/ros2_base/environment/ament_prefix_path.sh
-- Installing: /home/ros2_explore/install/ros2_base/share/ros2_base/environment/ament_prefix_path.dsv
-- Installing: /home/ros2_explore/install/ros2_base/share/ros2_base/environment/path.sh
-- Installing: /home/ros2_explore/install/ros2_base/share/ros2_base/environment/path.dsv
-- Installing: /home/ros2_explore/install/ros2_base/share/ros2_base/local_setup.bash
-- Installing: /home/ros2_explore/install/ros2_base/share/ros2_base/local_setup.sh
-- Installing: /home/ros2_explore/install/ros2_base/share/ros2_base/local_setup.zsh
-- Installing: /home/ros2_explore/install/ros2_base/share/ros2_base/local_setup.dsv
-- Installing: /home/ros2_explore/install/ros2_base/share/ros2_base/package.dsv
-- Installing: /home/ros2_explore/install/ros2_base/share/ament_index/resource_index/packages/ros2_base
-- Installing: /home/ros2_explore/install/ros2_base/share/ros2_base/cmake/export_ros2_base__rosidl_generator_cExport.cmake
-- Installing: /home/ros2_explore/install/ros2_base/share/ros2_base/cmake/export_ros2_base__rosidl_generator_cExport-noconfig.cmake
-- Installing: /home/ros2_explore/install/ros2_base/share/ros2_base/cmake/export_ros2_base__rosidl_typesupport_fastrtps_cExport.cmake
-- Installing: /home/ros2_explore/install/ros2_base/share/ros2_base/cmake/export_ros2_base__rosidl_typesupport_fastrtps_cExport-noconfig.cmake
-- Installing: /home/ros2_explore/install/ros2_base/share/ros2_base/cmake/export_ros2_base__rosidl_generator_cppExport.cmake
-- Installing: /home/ros2_explore/install/ros2_base/share/ros2_base/cmake/export_ros2_base__rosidl_typesupport_fastrtps_cppExport.cmake
-- Installing: /home/ros2_explore/install/ros2_base/share/ros2_base/cmake/export_ros2_base__rosidl_typesupport_fastrtps_cppExport-noconfig.cmake
-- Installing: /home/ros2_explore/install/ros2_base/share/ros2_base/cmake/ros2_base__rosidl_typesupport_introspection_cExport.cmake
-- Installing: /home/ros2_explore/install/ros2_base/share/ros2_base/cmake/ros2_base__rosidl_typesupport_introspection_cExport-noconfig.cmake
-- Installing: /home/ros2_explore/install/ros2_base/share/ros2_base/cmake/ros2_base__rosidl_typesupport_cExport.cmake
-- Installing: /home/ros2_explore/install/ros2_base/share/ros2_base/cmake/ros2_base__rosidl_typesupport_cExport-noconfig.cmake
-- Installing: /home/ros2_explore/install/ros2_base/share/ros2_base/cmake/ros2_base__rosidl_typesupport_introspection_cppExport.cmake
-- Installing: /home/ros2_explore/install/ros2_base/share/ros2_base/cmake/ros2_base__rosidl_typesupport_introspection_cppExport-noconfig.cmake
-- Installing: /home/ros2_explore/install/ros2_base/share/ros2_base/cmake/ros2_base__rosidl_typesupport_cppExport.cmake
-- Installing: /home/ros2_explore/install/ros2_base/share/ros2_base/cmake/ros2_base__rosidl_typesupport_cppExport-noconfig.cmake
-- Installing: /home/ros2_explore/install/ros2_base/share/ros2_base/cmake/export_ros2_base__rosidl_generator_pyExport.cmake
-- Installing: /home/ros2_explore/install/ros2_base/share/ros2_base/cmake/export_ros2_base__rosidl_generator_pyExport-noconfig.cmake
-- Installing: /home/ros2_explore/install/ros2_base/share/ros2_base/cmake/rosidl_cmake-extras.cmake
-- Installing: /home/ros2_explore/install/ros2_base/share/ros2_base/cmake/ament_cmake_export_dependencies-extras.cmake
-- Installing: /home/ros2_explore/install/ros2_base/share/ros2_base/cmake/ament_cmake_export_include_directories-extras.cmake
-- Installing: /home/ros2_explore/install/ros2_base/share/ros2_base/cmake/ament_cmake_export_libraries-extras.cmake
-- Installing: /home/ros2_explore/install/ros2_base/share/ros2_base/cmake/ament_cmake_export_targets-extras.cmake
-- Installing: /home/ros2_explore/install/ros2_base/share/ros2_base/cmake/rosidl_cmake_export_typesupport_targets-extras.cmake
-- Installing: /home/ros2_explore/install/ros2_base/share/ros2_base/cmake/rosidl_cmake_export_typesupport_libraries-extras.cmake
-- Installing: /home/ros2_explore/install/ros2_base/share/ros2_base/cmake/ros2_baseConfig.cmake
-- Installing: /home/ros2_explore/install/ros2_base/share/ros2_base/cmake/ros2_baseConfig-version.cmake
-- Installing: /home/ros2_explore/install/ros2_base/share/ros2_base/package.xml
