[0.005s] Invoking command in '/home/ros2_explore/build/ros2_base': CMAKE_PREFIX_PATH=${CMAKE_PREFIX_PATH}:/opt/ros/humble /usr/bin/cmake --build /home/ros2_explore/build/ros2_base -- -j24 -l24
[0.027s] [  2%] Built target ros2_base__cpp
[0.027s] [  9%] Built target ros2_base__rosidl_generator_c
[0.031s] [  9%] Built target ament_cmake_python_copy_ros2_base
[0.043s] [ 16%] Built target ros2_base__rosidl_typesupport_cpp
[0.044s] [ 23%] Built target ros2_base__rosidl_typesupport_fastrtps_cpp
[0.047s] [ 30%] Built target ros2_base__rosidl_typesupport_introspection_cpp
[0.052s] [ 37%] Built target ros2_base__rosidl_typesupport_introspection_c
[0.052s] [ 44%] Built target ros2_base__rosidl_typesupport_c
[0.054s] [ 51%] Built target ros2_base__rosidl_typesupport_fastrtps_c
[0.066s] [ 55%] Built target topic_pub
[0.066s] [ 60%] Built target service
[0.067s] [ 62%] [32mBuilding CXX object CMakeFiles/action_client.dir/src/action_client.cpp.o[0m
[0.068s] [ 65%] [32mBuilding CXX object CMakeFiles/action_server.dir/src/action_server.cpp.o[0m
[0.069s] [ 65%] Built target ros2_base
[0.070s] [ 69%] Built target topic_sub
[0.072s] [ 74%] Built target client
[0.078s] [ 76%] Built target ros2_base__py
[0.082s] [35m[1mConsolidate compiler generated dependencies of target ros2_base__rosidl_generator_py[0m
[0.088s] [ 81%] Built target ros2_base__rosidl_generator_py
[0.097s] [ 83%] [32mBuilding C object CMakeFiles/ros2_base__rosidl_typesupport_fastrtps_c__pyext.dir/rosidl_generator_py/ros2_base/_ros2_base_s.ep.rosidl_typesupport_fastrtps_c.c.o[0m
[0.097s] [ 86%] [32mBuilding C object CMakeFiles/ros2_base__rosidl_typesupport_introspection_c__pyext.dir/rosidl_generator_py/ros2_base/_ros2_base_s.ep.rosidl_typesupport_introspection_c.c.o[0m
[0.097s] [ 88%] [32mBuilding C object CMakeFiles/ros2_base__rosidl_typesupport_c__pyext.dir/rosidl_generator_py/ros2_base/_ros2_base_s.ep.rosidl_typesupport_c.c.o[0m
[0.156s] [ 95%] [32m[1mLinking C shared library rosidl_generator_py/ros2_base/ros2_base_s__rosidl_typesupport_fastrtps_c.cpython-310-x86_64-linux-gnu.so[0m
[0.156s] [ 95%] [32m[1mLinking C shared library rosidl_generator_py/ros2_base/ros2_base_s__rosidl_typesupport_c.cpython-310-x86_64-linux-gnu.so[0m
[0.156s] [ 95%] [32m[1mLinking C shared library rosidl_generator_py/ros2_base/ros2_base_s__rosidl_typesupport_introspection_c.cpython-310-x86_64-linux-gnu.so[0m
[0.160s] running egg_info
[0.160s] writing ros2_base.egg-info/PKG-INFO
[0.160s] writing dependency_links to ros2_base.egg-info/dependency_links.txt
[0.160s] writing top-level names to ros2_base.egg-info/top_level.txt
[0.162s] reading manifest file 'ros2_base.egg-info/SOURCES.txt'
[0.162s] writing manifest file 'ros2_base.egg-info/SOURCES.txt'
[0.176s] [ 95%] Built target ros2_base__rosidl_typesupport_fastrtps_c__pyext
[0.176s] [ 95%] Built target ros2_base__rosidl_typesupport_c__pyext
[0.176s] [ 95%] Built target ros2_base__rosidl_typesupport_introspection_c__pyext
[0.176s] [ 95%] Built target ament_cmake_python_build_ros2_base_egg
[1.853s] [ 97%] [32m[1mLinking CXX executable action_server[0m
[1.920s] [100%] [32m[1mLinking CXX executable action_client[0m
[1.931s] [100%] Built target action_server
[2.001s] [100%] Built target action_client
[2.006s] Invoked command in '/home/ros2_explore/build/ros2_base' returned '0': CMAKE_PREFIX_PATH=${CMAKE_PREFIX_PATH}:/opt/ros/humble /usr/bin/cmake --build /home/ros2_explore/build/ros2_base -- -j24 -l24
[2.010s] Invoking command in '/home/ros2_explore/build/ros2_base': CMAKE_PREFIX_PATH=${CMAKE_PREFIX_PATH}:/opt/ros/humble /usr/bin/cmake --install /home/ros2_explore/build/ros2_base
[2.013s] -- Install configuration: ""
[2.013s] -- Installing: /home/ros2_explore/install/ros2_base/share/ament_index/resource_index/rosidl_interfaces/ros2_base
[2.013s] -- Installing: /home/ros2_explore/install/ros2_base/include/ros2_base/ros2_base
[2.013s] -- Installing: /home/ros2_explore/install/ros2_base/include/ros2_base/ros2_base/msg
[2.013s] -- Installing: /home/ros2_explore/install/ros2_base/include/ros2_base/ros2_base/msg/rosidl_generator_c__visibility_control.h
[2.013s] -- Installing: /home/ros2_explore/install/ros2_base/include/ros2_base/ros2_base/action
[2.013s] -- Installing: /home/ros2_explore/install/ros2_base/include/ros2_base/ros2_base/action/detail
[2.013s] -- Installing: /home/ros2_explore/install/ros2_base/include/ros2_base/ros2_base/action/detail/count_number__functions.c
[2.013s] -- Installing: /home/ros2_explore/install/ros2_base/include/ros2_base/ros2_base/action/detail/count_number__functions.h
[2.013s] -- Installing: /home/ros2_explore/install/ros2_base/include/ros2_base/ros2_base/action/detail/count_number__type_support.h
[2.014s] -- Installing: /home/ros2_explore/install/ros2_base/include/ros2_base/ros2_base/action/detail/count_number__struct.h
[2.014s] -- Installing: /home/ros2_explore/install/ros2_base/include/ros2_base/ros2_base/action/count_number.h
[2.014s] -- Installing: /home/ros2_explore/install/ros2_base/share/ros2_base/environment/library_path.sh
[2.014s] -- Installing: /home/ros2_explore/install/ros2_base/share/ros2_base/environment/library_path.dsv
[2.014s] -- Installing: /home/ros2_explore/install/ros2_base/lib/libros2_base__rosidl_generator_c.so
[2.014s] -- Set runtime path of "/home/ros2_explore/install/ros2_base/lib/libros2_base__rosidl_generator_c.so" to ""
[2.014s] -- Up-to-date: /home/ros2_explore/install/ros2_base/include/ros2_base/ros2_base
[2.014s] -- Up-to-date: /home/ros2_explore/install/ros2_base/include/ros2_base/ros2_base/msg
[2.014s] -- Installing: /home/ros2_explore/install/ros2_base/include/ros2_base/ros2_base/msg/rosidl_typesupport_fastrtps_c__visibility_control.h
[2.014s] -- Up-to-date: /home/ros2_explore/install/ros2_base/include/ros2_base/ros2_base/action
[2.014s] -- Up-to-date: /home/ros2_explore/install/ros2_base/include/ros2_base/ros2_base/action/detail
[2.014s] -- Installing: /home/ros2_explore/install/ros2_base/include/ros2_base/ros2_base/action/detail/count_number__rosidl_typesupport_fastrtps_c.h
[2.014s] -- Installing: /home/ros2_explore/install/ros2_base/lib/libros2_base__rosidl_typesupport_fastrtps_c.so
[2.014s] -- Set runtime path of "/home/ros2_explore/install/ros2_base/lib/libros2_base__rosidl_typesupport_fastrtps_c.so" to ""
[2.014s] -- Up-to-date: /home/ros2_explore/install/ros2_base/include/ros2_base/ros2_base
[2.015s] -- Up-to-date: /home/ros2_explore/install/ros2_base/include/ros2_base/ros2_base/msg
[2.015s] -- Installing: /home/ros2_explore/install/ros2_base/include/ros2_base/ros2_base/msg/rosidl_generator_cpp__visibility_control.hpp
[2.015s] -- Up-to-date: /home/ros2_explore/install/ros2_base/include/ros2_base/ros2_base/action
[2.015s] -- Installing: /home/ros2_explore/install/ros2_base/include/ros2_base/ros2_base/action/count_number.hpp
[2.015s] -- Up-to-date: /home/ros2_explore/install/ros2_base/include/ros2_base/ros2_base/action/detail
[2.015s] -- Installing: /home/ros2_explore/install/ros2_base/include/ros2_base/ros2_base/action/detail/count_number__traits.hpp
[2.015s] -- Installing: /home/ros2_explore/install/ros2_base/include/ros2_base/ros2_base/action/detail/count_number__builder.hpp
[2.015s] -- Installing: /home/ros2_explore/install/ros2_base/include/ros2_base/ros2_base/action/detail/count_number__struct.hpp
[2.015s] -- Installing: /home/ros2_explore/install/ros2_base/include/ros2_base/ros2_base/action/detail/count_number__type_support.hpp
[2.015s] -- Up-to-date: /home/ros2_explore/install/ros2_base/include/ros2_base/ros2_base
[2.015s] -- Up-to-date: /home/ros2_explore/install/ros2_base/include/ros2_base/ros2_base/msg
[2.015s] -- Installing: /home/ros2_explore/install/ros2_base/include/ros2_base/ros2_base/msg/rosidl_typesupport_fastrtps_cpp__visibility_control.h
[2.015s] -- Up-to-date: /home/ros2_explore/install/ros2_base/include/ros2_base/ros2_base/action
[2.015s] -- Up-to-date: /home/ros2_explore/install/ros2_base/include/ros2_base/ros2_base/action/detail
[2.015s] -- Installing: /home/ros2_explore/install/ros2_base/include/ros2_base/ros2_base/action/detail/dds_fastrtps
[2.016s] -- Installing: /home/ros2_explore/install/ros2_base/include/ros2_base/ros2_base/action/detail/count_number__rosidl_typesupport_fastrtps_cpp.hpp
[2.016s] -- Installing: /home/ros2_explore/install/ros2_base/lib/libros2_base__rosidl_typesupport_fastrtps_cpp.so
[2.016s] -- Set runtime path of "/home/ros2_explore/install/ros2_base/lib/libros2_base__rosidl_typesupport_fastrtps_cpp.so" to ""
[2.016s] -- Up-to-date: /home/ros2_explore/install/ros2_base/include/ros2_base/ros2_base
[2.016s] -- Up-to-date: /home/ros2_explore/install/ros2_base/include/ros2_base/ros2_base/msg
[2.016s] -- Installing: /home/ros2_explore/install/ros2_base/include/ros2_base/ros2_base/msg/rosidl_typesupport_introspection_c__visibility_control.h
[2.016s] -- Up-to-date: /home/ros2_explore/install/ros2_base/include/ros2_base/ros2_base/action
[2.016s] -- Up-to-date: /home/ros2_explore/install/ros2_base/include/ros2_base/ros2_base/action/detail
[2.016s] -- Installing: /home/ros2_explore/install/ros2_base/include/ros2_base/ros2_base/action/detail/count_number__type_support.c
[2.016s] -- Installing: /home/ros2_explore/install/ros2_base/include/ros2_base/ros2_base/action/detail/count_number__rosidl_typesupport_introspection_c.h
[2.016s] -- Installing: /home/ros2_explore/install/ros2_base/lib/libros2_base__rosidl_typesupport_introspection_c.so
[2.016s] -- Set runtime path of "/home/ros2_explore/install/ros2_base/lib/libros2_base__rosidl_typesupport_introspection_c.so" to ""
[2.016s] -- Installing: /home/ros2_explore/install/ros2_base/lib/libros2_base__rosidl_typesupport_c.so
[2.016s] -- Set runtime path of "/home/ros2_explore/install/ros2_base/lib/libros2_base__rosidl_typesupport_c.so" to ""
[2.016s] -- Up-to-date: /home/ros2_explore/install/ros2_base/include/ros2_base/ros2_base
[2.017s] -- Up-to-date: /home/ros2_explore/install/ros2_base/include/ros2_base/ros2_base/action
[2.017s] -- Up-to-date: /home/ros2_explore/install/ros2_base/include/ros2_base/ros2_base/action/detail
[2.017s] -- Installing: /home/ros2_explore/install/ros2_base/include/ros2_base/ros2_base/action/detail/count_number__rosidl_typesupport_introspection_cpp.hpp
[2.017s] -- Installing: /home/ros2_explore/install/ros2_base/include/ros2_base/ros2_base/action/detail/count_number__type_support.cpp
[2.017s] -- Installing: /home/ros2_explore/install/ros2_base/lib/libros2_base__rosidl_typesupport_introspection_cpp.so
[2.017s] -- Set runtime path of "/home/ros2_explore/install/ros2_base/lib/libros2_base__rosidl_typesupport_introspection_cpp.so" to ""
[2.017s] -- Installing: /home/ros2_explore/install/ros2_base/lib/libros2_base__rosidl_typesupport_cpp.so
[2.017s] -- Set runtime path of "/home/ros2_explore/install/ros2_base/lib/libros2_base__rosidl_typesupport_cpp.so" to ""
[2.017s] -- Installing: /home/ros2_explore/install/ros2_base/share/ros2_base/environment/pythonpath.sh
[2.017s] -- Installing: /home/ros2_explore/install/ros2_base/share/ros2_base/environment/pythonpath.dsv
[2.017s] -- Installing: /home/ros2_explore/install/ros2_base/local/lib/python3.10/dist-packages/ros2_base-0.0.0-py3.10.egg-info
[2.017s] -- Installing: /home/ros2_explore/install/ros2_base/local/lib/python3.10/dist-packages/ros2_base-0.0.0-py3.10.egg-info/SOURCES.txt
[2.017s] -- Installing: /home/ros2_explore/install/ros2_base/local/lib/python3.10/dist-packages/ros2_base-0.0.0-py3.10.egg-info/PKG-INFO
[2.017s] -- Installing: /home/ros2_explore/install/ros2_base/local/lib/python3.10/dist-packages/ros2_base-0.0.0-py3.10.egg-info/dependency_links.txt
[2.017s] -- Installing: /home/ros2_explore/install/ros2_base/local/lib/python3.10/dist-packages/ros2_base-0.0.0-py3.10.egg-info/top_level.txt
[2.017s] -- Installing: /home/ros2_explore/install/ros2_base/local/lib/python3.10/dist-packages/ros2_base
[2.017s] -- Installing: /home/ros2_explore/install/ros2_base/local/lib/python3.10/dist-packages/ros2_base/_ros2_base_s.ep.rosidl_typesupport_fastrtps_c.c
[2.018s] -- Installing: /home/ros2_explore/install/ros2_base/local/lib/python3.10/dist-packages/ros2_base/_ros2_base_s.ep.rosidl_typesupport_c.c
[2.018s] -- Installing: /home/ros2_explore/install/ros2_base/local/lib/python3.10/dist-packages/ros2_base/libros2_base__rosidl_generator_py.so
[2.018s] -- Installing: /home/ros2_explore/install/ros2_base/local/lib/python3.10/dist-packages/ros2_base/ros2_base_s__rosidl_typesupport_fastrtps_c.cpython-310-x86_64-linux-gnu.so
[2.018s] -- Installing: /home/ros2_explore/install/ros2_base/local/lib/python3.10/dist-packages/ros2_base/action
[2.018s] -- Installing: /home/ros2_explore/install/ros2_base/local/lib/python3.10/dist-packages/ros2_base/action/_count_number_s.c
[2.018s] -- Installing: /home/ros2_explore/install/ros2_base/local/lib/python3.10/dist-packages/ros2_base/action/_count_number.py
[2.018s] -- Installing: /home/ros2_explore/install/ros2_base/local/lib/python3.10/dist-packages/ros2_base/action/__init__.py
[2.018s] -- Installing: /home/ros2_explore/install/ros2_base/local/lib/python3.10/dist-packages/ros2_base/__init__.py
[2.018s] -- Installing: /home/ros2_explore/install/ros2_base/local/lib/python3.10/dist-packages/ros2_base/_ros2_base_s.ep.rosidl_typesupport_introspection_c.c
[2.018s] -- Installing: /home/ros2_explore/install/ros2_base/local/lib/python3.10/dist-packages/ros2_base/ros2_base_s__rosidl_typesupport_c.cpython-310-x86_64-linux-gnu.so
[2.018s] -- Installing: /home/ros2_explore/install/ros2_base/local/lib/python3.10/dist-packages/ros2_base/ros2_base_s__rosidl_typesupport_introspection_c.cpython-310-x86_64-linux-gnu.so
[2.037s] Listing '/home/ros2_explore/install/ros2_base/local/lib/python3.10/dist-packages/ros2_base'...
[2.037s] Compiling '/home/ros2_explore/install/ros2_base/local/lib/python3.10/dist-packages/ros2_base/__init__.py'...
[2.037s] Listing '/home/ros2_explore/install/ros2_base/local/lib/python3.10/dist-packages/ros2_base/action'...
[2.037s] Compiling '/home/ros2_explore/install/ros2_base/local/lib/python3.10/dist-packages/ros2_base/action/__init__.py'...
[2.037s] Compiling '/home/ros2_explore/install/ros2_base/local/lib/python3.10/dist-packages/ros2_base/action/_count_number.py'...
[2.039s] -- Installing: /home/ros2_explore/install/ros2_base/local/lib/python3.10/dist-packages/ros2_base/ros2_base_s__rosidl_typesupport_fastrtps_c.cpython-310-x86_64-linux-gnu.so
[2.039s] -- Set runtime path of "/home/ros2_explore/install/ros2_base/local/lib/python3.10/dist-packages/ros2_base/ros2_base_s__rosidl_typesupport_fastrtps_c.cpython-310-x86_64-linux-gnu.so" to ""
[2.039s] -- Installing: /home/ros2_explore/install/ros2_base/local/lib/python3.10/dist-packages/ros2_base/ros2_base_s__rosidl_typesupport_introspection_c.cpython-310-x86_64-linux-gnu.so
[2.039s] -- Set runtime path of "/home/ros2_explore/install/ros2_base/local/lib/python3.10/dist-packages/ros2_base/ros2_base_s__rosidl_typesupport_introspection_c.cpython-310-x86_64-linux-gnu.so" to ""
[2.039s] -- Installing: /home/ros2_explore/install/ros2_base/local/lib/python3.10/dist-packages/ros2_base/ros2_base_s__rosidl_typesupport_c.cpython-310-x86_64-linux-gnu.so
[2.040s] -- Set runtime path of "/home/ros2_explore/install/ros2_base/local/lib/python3.10/dist-packages/ros2_base/ros2_base_s__rosidl_typesupport_c.cpython-310-x86_64-linux-gnu.so" to ""
[2.040s] -- Installing: /home/ros2_explore/install/ros2_base/lib/libros2_base__rosidl_generator_py.so
[2.040s] -- Set runtime path of "/home/ros2_explore/install/ros2_base/lib/libros2_base__rosidl_generator_py.so" to ""
[2.040s] -- Installing: /home/ros2_explore/install/ros2_base/share/ros2_base/action/CountNumber.idl
[2.040s] -- Installing: /home/ros2_explore/install/ros2_base/share/ros2_base/action/CountNumber.action
[2.040s] -- Installing: /home/ros2_explore/install/ros2_base/lib/ros2_base/topic_sub
[2.042s] -- Set runtime path of "/home/ros2_explore/install/ros2_base/lib/ros2_base/topic_sub" to ""
[2.042s] -- Installing: /home/ros2_explore/install/ros2_base/lib/ros2_base/topic_pub
[2.042s] -- Set runtime path of "/home/ros2_explore/install/ros2_base/lib/ros2_base/topic_pub" to ""
[2.042s] -- Installing: /home/ros2_explore/install/ros2_base/lib/ros2_base/service
[2.043s] -- Set runtime path of "/home/ros2_explore/install/ros2_base/lib/ros2_base/service" to ""
[2.043s] -- Installing: /home/ros2_explore/install/ros2_base/lib/ros2_base/client
[2.043s] -- Set runtime path of "/home/ros2_explore/install/ros2_base/lib/ros2_base/client" to ""
[2.043s] -- Installing: /home/ros2_explore/install/ros2_base/lib/ros2_base/action_server
[2.043s] -- Set runtime path of "/home/ros2_explore/install/ros2_base/lib/ros2_base/action_server" to ""
[2.043s] -- Installing: /home/ros2_explore/install/ros2_base/lib/ros2_base/action_client
[2.044s] -- Set runtime path of "/home/ros2_explore/install/ros2_base/lib/ros2_base/action_client" to ""
[2.044s] -- Installing: /home/ros2_explore/install/ros2_base/share/ros2_base/launch
[2.044s] -- Installing: /home/ros2_explore/install/ros2_base/share/ros2_base/launch/config_launch.py
[2.044s] -- Installing: /home/ros2_explore/install/ros2_base/share/ros2_base/launch/generate_launch.py
[2.044s] -- Installing: /home/ros2_explore/install/ros2_base/share/ament_index/resource_index/package_run_dependencies/ros2_base
[2.044s] -- Installing: /home/ros2_explore/install/ros2_base/share/ament_index/resource_index/parent_prefix_path/ros2_base
[2.044s] -- Installing: /home/ros2_explore/install/ros2_base/share/ros2_base/environment/ament_prefix_path.sh
[2.044s] -- Installing: /home/ros2_explore/install/ros2_base/share/ros2_base/environment/ament_prefix_path.dsv
[2.044s] -- Installing: /home/ros2_explore/install/ros2_base/share/ros2_base/environment/path.sh
[2.044s] -- Installing: /home/ros2_explore/install/ros2_base/share/ros2_base/environment/path.dsv
[2.044s] -- Installing: /home/ros2_explore/install/ros2_base/share/ros2_base/local_setup.bash
[2.044s] -- Installing: /home/ros2_explore/install/ros2_base/share/ros2_base/local_setup.sh
[2.045s] -- Installing: /home/ros2_explore/install/ros2_base/share/ros2_base/local_setup.zsh
[2.045s] -- Installing: /home/ros2_explore/install/ros2_base/share/ros2_base/local_setup.dsv
[2.045s] -- Installing: /home/ros2_explore/install/ros2_base/share/ros2_base/package.dsv
[2.045s] -- Installing: /home/ros2_explore/install/ros2_base/share/ament_index/resource_index/packages/ros2_base
[2.045s] -- Installing: /home/ros2_explore/install/ros2_base/share/ros2_base/cmake/export_ros2_base__rosidl_generator_cExport.cmake
[2.045s] -- Installing: /home/ros2_explore/install/ros2_base/share/ros2_base/cmake/export_ros2_base__rosidl_generator_cExport-noconfig.cmake
[2.045s] -- Installing: /home/ros2_explore/install/ros2_base/share/ros2_base/cmake/export_ros2_base__rosidl_typesupport_fastrtps_cExport.cmake
[2.045s] -- Installing: /home/ros2_explore/install/ros2_base/share/ros2_base/cmake/export_ros2_base__rosidl_typesupport_fastrtps_cExport-noconfig.cmake
[2.045s] -- Installing: /home/ros2_explore/install/ros2_base/share/ros2_base/cmake/export_ros2_base__rosidl_generator_cppExport.cmake
[2.045s] -- Installing: /home/ros2_explore/install/ros2_base/share/ros2_base/cmake/export_ros2_base__rosidl_typesupport_fastrtps_cppExport.cmake
[2.045s] -- Installing: /home/ros2_explore/install/ros2_base/share/ros2_base/cmake/export_ros2_base__rosidl_typesupport_fastrtps_cppExport-noconfig.cmake
[2.045s] -- Installing: /home/ros2_explore/install/ros2_base/share/ros2_base/cmake/ros2_base__rosidl_typesupport_introspection_cExport.cmake
[2.045s] -- Installing: /home/ros2_explore/install/ros2_base/share/ros2_base/cmake/ros2_base__rosidl_typesupport_introspection_cExport-noconfig.cmake
[2.045s] -- Installing: /home/ros2_explore/install/ros2_base/share/ros2_base/cmake/ros2_base__rosidl_typesupport_cExport.cmake
[2.045s] -- Installing: /home/ros2_explore/install/ros2_base/share/ros2_base/cmake/ros2_base__rosidl_typesupport_cExport-noconfig.cmake
[2.046s] -- Installing: /home/ros2_explore/install/ros2_base/share/ros2_base/cmake/ros2_base__rosidl_typesupport_introspection_cppExport.cmake
[2.046s] -- Installing: /home/ros2_explore/install/ros2_base/share/ros2_base/cmake/ros2_base__rosidl_typesupport_introspection_cppExport-noconfig.cmake
[2.046s] -- Installing: /home/ros2_explore/install/ros2_base/share/ros2_base/cmake/ros2_base__rosidl_typesupport_cppExport.cmake
[2.046s] -- Installing: /home/ros2_explore/install/ros2_base/share/ros2_base/cmake/ros2_base__rosidl_typesupport_cppExport-noconfig.cmake
[2.046s] -- Installing: /home/ros2_explore/install/ros2_base/share/ros2_base/cmake/export_ros2_base__rosidl_generator_pyExport.cmake
[2.046s] -- Installing: /home/ros2_explore/install/ros2_base/share/ros2_base/cmake/export_ros2_base__rosidl_generator_pyExport-noconfig.cmake
[2.046s] -- Installing: /home/ros2_explore/install/ros2_base/share/ros2_base/cmake/rosidl_cmake-extras.cmake
[2.046s] -- Installing: /home/ros2_explore/install/ros2_base/share/ros2_base/cmake/ament_cmake_export_dependencies-extras.cmake
[2.046s] -- Installing: /home/ros2_explore/install/ros2_base/share/ros2_base/cmake/ament_cmake_export_include_directories-extras.cmake
[2.046s] -- Installing: /home/ros2_explore/install/ros2_base/share/ros2_base/cmake/ament_cmake_export_libraries-extras.cmake
[2.046s] -- Installing: /home/ros2_explore/install/ros2_base/share/ros2_base/cmake/ament_cmake_export_targets-extras.cmake
[2.046s] -- Installing: /home/ros2_explore/install/ros2_base/share/ros2_base/cmake/rosidl_cmake_export_typesupport_targets-extras.cmake
[2.046s] -- Installing: /home/ros2_explore/install/ros2_base/share/ros2_base/cmake/rosidl_cmake_export_typesupport_libraries-extras.cmake
[2.046s] -- Installing: /home/ros2_explore/install/ros2_base/share/ros2_base/cmake/ros2_baseConfig.cmake
[2.046s] -- Installing: /home/ros2_explore/install/ros2_base/share/ros2_base/cmake/ros2_baseConfig-version.cmake
[2.046s] -- Installing: /home/ros2_explore/install/ros2_base/share/ros2_base/package.xml
[2.047s] Invoked command in '/home/ros2_explore/build/ros2_base' returned '0': CMAKE_PREFIX_PATH=${CMAKE_PREFIX_PATH}:/opt/ros/humble /usr/bin/cmake --install /home/ros2_explore/build/ros2_base
